<?xml version="1.0" encoding="UTF-8"?>
<coverage generated="1773513501575" clover="3.2.0">
  <project timestamp="1773513501575" name="All files">
    <metrics statements="63" coveredstatements="18" conditionals="22" coveredconditionals="9" methods="20" coveredmethods="1" elements="105" coveredelements="28" complexity="0" loc="63" ncloc="63" packages="2" files="2" classes="2"/>
    <package name="frontend">
      <metrics statements="39" coveredstatements="18" conditionals="16" coveredconditionals="9" methods="8" coveredmethods="1"/>
      <file name="server.js" path="C:\Users\CC\Desktop\CIS\icav\frontend\server.js">
        <metrics statements="39" coveredstatements="18" conditionals="16" coveredconditionals="9" methods="8" coveredmethods="1"/>
        <line num="1" count="1" type="stmt"/>
        <line num="2" count="1" type="stmt"/>
        <line num="3" count="1" type="cond" truecount="2" falsecount="0"/>
        <line num="5" count="1" type="cond" truecount="2" falsecount="0"/>
        <line num="6" count="1" type="cond" truecount="2" falsecount="0"/>
        <line num="7" count="1" type="cond" truecount="1" falsecount="1"/>
        <line num="10" count="1" type="stmt"/>
        <line num="11" count="0" type="stmt"/>
        <line num="12" count="0" type="stmt"/>
        <line num="14" count="0" type="stmt"/>
        <line num="15" count="0" type="stmt"/>
        <line num="24" count="0" type="stmt"/>
        <line num="25" count="0" type="stmt"/>
        <line num="26" count="0" type="stmt"/>
        <line num="27" count="0" type="cond" truecount="0" falsecount="2"/>
        <line num="28" count="0" type="stmt"/>
        <line num="31" count="0" type="stmt"/>
        <line num="33" count="0" type="stmt"/>
        <line num="37" count="1" type="stmt"/>
        <line num="39" count="1" type="stmt"/>
        <line num="40" count="1" type="stmt"/>
        <line num="125" count="1" type="stmt"/>
        <line num="126" count="0" type="stmt"/>
        <line num="313" count="0" type="stmt"/>
        <line num="317" count="1" type="stmt"/>
        <line num="318" count="0" type="stmt"/>
        <line num="663" count="0" type="stmt"/>
        <line num="667" count="1" type="stmt"/>
        <line num="668" count="0" type="stmt"/>
        <line num="1030" count="0" type="stmt"/>
        <line num="1034" count="1" type="stmt"/>
        <line num="1035" count="0" type="stmt"/>
        <line num="1346" count="0" type="stmt"/>
        <line num="1349" count="1" type="stmt"/>
        <line num="1350" count="1" type="cond" truecount="1" falsecount="1"/>
        <line num="1351" count="0" type="stmt"/>
        <line num="1354" count="1" type="cond" truecount="1" falsecount="1"/>
        <line num="1355" count="0" type="stmt"/>
        <line num="1359" count="1" type="stmt"/>
      </file>
    </package>
    <package name="frontend.components">
      <metrics statements="24" coveredstatements="0" conditionals="6" coveredconditionals="0" methods="12" coveredmethods="0"/>
      <file name="StackedBarChart.js" path="C:\Users\CC\Desktop\CIS\icav\frontend\components\StackedBarChart.js">
        <metrics statements="24" coveredstatements="0" conditionals="6" coveredconditionals="0" methods="12" coveredmethods="0"/>
        <line num="1" count="0" type="stmt"/>
        <line num="3" count="0" type="stmt"/>
        <line num="4" count="0" type="stmt"/>
        <line num="5" count="0" type="stmt"/>
        <line num="6" count="0" type="stmt"/>
        <line num="8" count="0" type="stmt"/>
        <line num="9" count="0" type="stmt"/>
        <line num="11" count="0" type="cond" truecount="0" falsecount="2"/>
        <line num="12" count="0" type="stmt"/>
        <line num="15" count="0" type="stmt"/>
        <line num="16" count="0" type="stmt"/>
        <line num="19" count="0" type="stmt"/>
        <line num="20" count="0" type="stmt"/>
        <line num="24" count="0" type="cond" truecount="0" falsecount="2"/>
        <line num="25" count="0" type="cond" truecount="0" falsecount="2"/>
        <line num="27" count="0" type="stmt"/>
        <line num="42" count="0" type="stmt"/>
        <line num="55" count="0" type="stmt"/>
        <line num="63" count="0" type="stmt"/>
        <line num="67" count="0" type="stmt"/>
        <line num="71" count="0" type="stmt"/>
        <line num="75" count="0" type="stmt"/>
        <line num="84" count="0" type="stmt"/>
        <line num="87" count="0" type="stmt"/>
      </file>
    </package>
  </project>
</coverage>
