{"C:\\Users\\CC\\Desktop\\CIS\\icav\\frontend\\server.js": {"path":"C:\\Users\\CC\\Desktop\\CIS\\icav\\frontend\\server.js","statementMap":{"0":{"start":{"line":1,"column":16},"end":{"line":1,"column":34}},"1":{"start":{"line":2,"column":12},"end":{"line":2,"column":21}},"2":{"start":{"line":3,"column":13},"end":{"line":3,"column":37}},"3":{"start":{"line":5,"column":17},"end":{"line":5,"column":66}},"4":{"start":{"line":6,"column":19},"end":{"line":6,"column":69}},"5":{"start":{"line":7,"column":18},"end":{"line":7,"column":55}},"6":{"start":{"line":10,"column":0},"end":{"line":35,"column":3}},"7":{"start":{"line":11,"column":23},"end":{"line":11,"column":65}},"8":{"start":{"line":12,"column":19},"end":{"line":12,"column":47}},"9":{"start":{"line":14,"column":4},"end":{"line":34,"column":5}},"10":{"start":{"line":15,"column":32},"end":{"line":22,"column":10}},"11":{"start":{"line":24,"column":21},"end":{"line":24,"column":49}},"12":{"start":{"line":25,"column":8},"end":{"line":25,"column":43}},"13":{"start":{"line":26,"column":8},"end":{"line":30,"column":11}},"14":{"start":{"line":27,"column":12},"end":{"line":29,"column":13}},"15":{"start":{"line":28,"column":16},"end":{"line":28,"column":42}},"16":{"start":{"line":31,"column":8},"end":{"line":31,"column":23}},"17":{"start":{"line":33,"column":8},"end":{"line":33,"column":79}},"18":{"start":{"line":37,"column":19},"end":{"line":37,"column":35}},"19":{"start":{"line":39,"column":0},"end":{"line":122,"column":3}},"20":{"start":{"line":40,"column":4},"end":{"line":121,"column":10}},"21":{"start":{"line":125,"column":0},"end":{"line":314,"column":3}},"22":{"start":{"line":126,"column":22},"end":{"line":312,"column":5}},"23":{"start":{"line":313,"column":4},"end":{"line":313,"column":24}},"24":{"start":{"line":317,"column":0},"end":{"line":664,"column":3}},"25":{"start":{"line":318,"column":22},"end":{"line":662,"column":5}},"26":{"start":{"line":663,"column":4},"end":{"line":663,"column":24}},"27":{"start":{"line":667,"column":0},"end":{"line":1031,"column":3}},"28":{"start":{"line":668,"column":22},"end":{"line":1029,"column":5}},"29":{"start":{"line":1030,"column":4},"end":{"line":1030,"column":24}},"30":{"start":{"line":1034,"column":0},"end":{"line":1347,"column":3}},"31":{"start":{"line":1035,"column":22},"end":{"line":1345,"column":5}},"32":{"start":{"line":1346,"column":4},"end":{"line":1346,"column":24}},"33":{"start":{"line":1349,"column":0},"end":{"line":1349,"column":20}},"34":{"start":{"line":1350,"column":0},"end":{"line":1352,"column":1}},"35":{"start":{"line":1351,"column":2},"end":{"line":1351,"column":32}},"36":{"start":{"line":1354,"column":0},"end":{"line":1356,"column":1}},"37":{"start":{"line":1355,"column":2},"end":{"line":1355,"column":74}},"38":{"start":{"line":1355,"column":25},"end":{"line":1355,"column":72}},"39":{"start":{"line":1359,"column":0},"end":{"line":1359,"column":21}}},"fnMap":{"0":{"name":"(anonymous_0)","decl":{"start":{"line":10,"column":19},"end":{"line":10,"column":20}},"loc":{"start":{"line":10,"column":39},"end":{"line":35,"column":1}},"line":10},"1":{"name":"(anonymous_1)","decl":{"start":{"line":26,"column":40},"end":{"line":26,"column":41}},"loc":{"start":{"line":26,"column":56},"end":{"line":30,"column":9}},"line":26},"2":{"name":"(anonymous_2)","decl":{"start":{"line":39,"column":20},"end":{"line":39,"column":21}},"loc":{"start":{"line":39,"column":34},"end":{"line":122,"column":1}},"line":39},"3":{"name":"(anonymous_3)","decl":{"start":{"line":125,"column":35},"end":{"line":125,"column":36}},"loc":{"start":{"line":125,"column":49},"end":{"line":314,"column":1}},"line":125},"4":{"name":"(anonymous_4)","decl":{"start":{"line":317,"column":35},"end":{"line":317,"column":36}},"loc":{"start":{"line":317,"column":49},"end":{"line":664,"column":1}},"line":317},"5":{"name":"(anonymous_5)","decl":{"start":{"line":667,"column":33},"end":{"line":667,"column":34}},"loc":{"start":{"line":667,"column":47},"end":{"line":1031,"column":1}},"line":667},"6":{"name":"(anonymous_6)","decl":{"start":{"line":1034,"column":35},"end":{"line":1034,"column":36}},"loc":{"start":{"line":1034,"column":49},"end":{"line":1347,"column":1}},"line":1034},"7":{"name":"(anonymous_7)","decl":{"start":{"line":1355,"column":19},"end":{"line":1355,"column":20}},"loc":{"start":{"line":1355,"column":25},"end":{"line":1355,"column":72}},"line":1355}},"branchMap":{"0":{"loc":{"start":{"line":3,"column":13},"end":{"line":3,"column":37}},"type":"binary-expr","locations":[{"start":{"line":3,"column":13},"end":{"line":3,"column":29}},{"start":{"line":3,"column":33},"end":{"line":3,"column":37}}],"line":3},"1":{"loc":{"start":{"line":5,"column":18},"end":{"line":5,"column":45}},"type":"binary-expr","locations":[{"start":{"line":5,"column":18},"end":{"line":5,"column":39}},{"start":{"line":5,"column":43},"end":{"line":5,"column":45}}],"line":5},"2":{"loc":{"start":{"line":6,"column":19},"end":{"line":6,"column":69}},"type":"binary-expr","locations":[{"start":{"line":6,"column":19},"end":{"line":6,"column":44}},{"start":{"line":6,"column":48},"end":{"line":6,"column":69}}],"line":6},"3":{"loc":{"start":{"line":7,"column":18},"end":{"line":7,"column":55}},"type":"cond-expr","locations":[{"start":{"line":7,"column":29},"end":{"line":7,"column":46}},{"start":{"line":7,"column":49},"end":{"line":7,"column":55}}],"line":7},"4":{"loc":{"start":{"line":21,"column":18},"end":{"line":21,"column":76}},"type":"cond-expr","locations":[{"start":{"line":21,"column":56},"end":{"line":21,"column":65}},{"start":{"line":21,"column":68},"end":{"line":21,"column":76}}],"line":21},"5":{"loc":{"start":{"line":27,"column":12},"end":{"line":29,"column":13}},"type":"if","locations":[{"start":{"line":27,"column":12},"end":{"line":29,"column":13}},{"start":{},"end":{}}],"line":27},"6":{"loc":{"start":{"line":1350,"column":0},"end":{"line":1352,"column":1}},"type":"if","locations":[{"start":{"line":1350,"column":0},"end":{"line":1352,"column":1}},{"start":{},"end":{}}],"line":1350},"7":{"loc":{"start":{"line":1354,"column":0},"end":{"line":1356,"column":1}},"type":"if","locations":[{"start":{"line":1354,"column":0},"end":{"line":1356,"column":1}},{"start":{},"end":{}}],"line":1354}},"s":{"0":1,"1":1,"2":1,"3":1,"4":1,"5":1,"6":1,"7":0,"8":0,"9":0,"10":0,"11":0,"12":0,"13":0,"14":0,"15":0,"16":0,"17":0,"18":1,"19":1,"20":1,"21":1,"22":0,"23":0,"24":1,"25":0,"26":0,"27":1,"28":0,"29":0,"30":1,"31":0,"32":0,"33":1,"34":1,"35":0,"36":1,"37":0,"38":0,"39":1},"f":{"0":0,"1":0,"2":1,"3":0,"4":0,"5":0,"6":0,"7":0},"b":{"0":[1,1],"1":[1,1],"2":[1,1],"3":[0,1],"4":[0,0],"5":[0,0],"6":[0,1],"7":[0,1]},"_coverageSchema":"1a1c01bbd47fc00a2c39e90264f33305004495a9","hash":"49e6c1aa1f8c5c2792c350e3d394da7d1fadf3f7"}
,"C:\\Users\\CC\\Desktop\\CIS\\icav\\frontend\\components\\StackedBarChart.js": {"path":"C:\\Users\\CC\\Desktop\\CIS\\icav\\frontend\\components\\StackedBarChart.js","statementMap":{"0":{"start":{"line":1,"column":14},"end":{"line":1,"column":30}},"1":{"start":{"line":3,"column":24},"end":{"line":53,"column":1}},"2":{"start":{"line":4,"column":26},"end":{"line":4,"column":44}},"3":{"start":{"line":5,"column":32},"end":{"line":5,"column":52}},"4":{"start":{"line":6,"column":28},"end":{"line":6,"column":48}},"5":{"start":{"line":8,"column":2},"end":{"line":22,"column":9}},"6":{"start":{"line":9,"column":4},"end":{"line":21,"column":9}},"7":{"start":{"line":11,"column":8},"end":{"line":11,"column":68}},"8":{"start":{"line":11,"column":21},"end":{"line":11,"column":68}},"9":{"start":{"line":12,"column":8},"end":{"line":12,"column":26}},"10":{"start":{"line":15,"column":8},"end":{"line":15,"column":22}},"11":{"start":{"line":16,"column":8},"end":{"line":16,"column":26}},"12":{"start":{"line":19,"column":8},"end":{"line":19,"column":30}},"13":{"start":{"line":20,"column":8},"end":{"line":20,"column":26}},"14":{"start":{"line":24,"column":2},"end":{"line":24,"column":70}},"15":{"start":{"line":24,"column":15},"end":{"line":24,"column":70}},"16":{"start":{"line":25,"column":2},"end":{"line":25,"column":63}},"17":{"start":{"line":25,"column":13},"end":{"line":25,"column":63}},"18":{"start":{"line":27,"column":2},"end":{"line":52,"column":4}},"19":{"start":{"line":42,"column":24},"end":{"line":48,"column":11}},"20":{"start":{"line":55,"column":16},"end":{"line":60,"column":1}},"21":{"start":{"line":63,"column":2},"end":{"line":63,"column":48}},"22":{"start":{"line":67,"column":2},"end":{"line":67,"column":41}},"23":{"start":{"line":71,"column":2},"end":{"line":71,"column":36}},"24":{"start":{"line":75,"column":2},"end":{"line":80,"column":4}},"25":{"start":{"line":84,"column":2},"end":{"line":84,"column":76}},"26":{"start":{"line":84,"column":36},"end":{"line":84,"column":73}},"27":{"start":{"line":87,"column":0},"end":{"line":87,"column":107}}},"fnMap":{"0":{"name":"(anonymous_0)","decl":{"start":{"line":3,"column":24},"end":{"line":3,"column":25}},"loc":{"start":{"line":3,"column":30},"end":{"line":53,"column":1}},"line":3},"1":{"name":"(anonymous_1)","decl":{"start":{"line":8,"column":18},"end":{"line":8,"column":19}},"loc":{"start":{"line":8,"column":24},"end":{"line":22,"column":3}},"line":8},"2":{"name":"(anonymous_2)","decl":{"start":{"line":10,"column":12},"end":{"line":10,"column":13}},"loc":{"start":{"line":10,"column":19},"end":{"line":13,"column":7}},"line":10},"3":{"name":"(anonymous_3)","decl":{"start":{"line":14,"column":12},"end":{"line":14,"column":13}},"loc":{"start":{"line":14,"column":20},"end":{"line":17,"column":7}},"line":14},"4":{"name":"(anonymous_4)","decl":{"start":{"line":18,"column":13},"end":{"line":18,"column":14}},"loc":{"start":{"line":18,"column":20},"end":{"line":21,"column":7}},"line":18},"5":{"name":"(anonymous_5)","decl":{"start":{"line":42,"column":19},"end":{"line":42,"column":20}},"loc":{"start":{"line":42,"column":24},"end":{"line":48,"column":11}},"line":42},"6":{"name":"getTotal","decl":{"start":{"line":62,"column":9},"end":{"line":62,"column":17}},"loc":{"start":{"line":62,"column":21},"end":{"line":64,"column":1}},"line":62},"7":{"name":"getMaxTotal","decl":{"start":{"line":66,"column":9},"end":{"line":66,"column":20}},"loc":{"start":{"line":66,"column":27},"end":{"line":68,"column":1}},"line":66},"8":{"name":"getScale","decl":{"start":{"line":70,"column":9},"end":{"line":70,"column":17}},"loc":{"start":{"line":70,"column":32},"end":{"line":72,"column":1}},"line":70},"9":{"name":"getSegments","decl":{"start":{"line":74,"column":9},"end":{"line":74,"column":20}},"loc":{"start":{"line":74,"column":24},"end":{"line":81,"column":1}},"line":74},"10":{"name":"getBarHeights","decl":{"start":{"line":83,"column":9},"end":{"line":83,"column":22}},"loc":{"start":{"line":83,"column":33},"end":{"line":85,"column":1}},"line":83},"11":{"name":"(anonymous_11)","decl":{"start":{"line":84,"column":28},"end":{"line":84,"column":29}},"loc":{"start":{"line":84,"column":36},"end":{"line":84,"column":73}},"line":84}},"branchMap":{"0":{"loc":{"start":{"line":11,"column":8},"end":{"line":11,"column":68}},"type":"if","locations":[{"start":{"line":11,"column":8},"end":{"line":11,"column":68}},{"start":{},"end":{}}],"line":11},"1":{"loc":{"start":{"line":24,"column":2},"end":{"line":24,"column":70}},"type":"if","locations":[{"start":{"line":24,"column":2},"end":{"line":24,"column":70}},{"start":{},"end":{}}],"line":24},"2":{"loc":{"start":{"line":25,"column":2},"end":{"line":25,"column":63}},"type":"if","locations":[{"start":{"line":25,"column":2},"end":{"line":25,"column":63}},{"start":{},"end":{}}],"line":25}},"s":{"0":0,"1":0,"2":0,"3":0,"4":0,"5":0,"6":0,"7":0,"8":0,"9":0,"10":0,"11":0,"12":0,"13":0,"14":0,"15":0,"16":0,"17":0,"18":0,"19":0,"20":0,"21":0,"22":0,"23":0,"24":0,"25":0,"26":0,"27":0},"f":{"0":0,"1":0,"2":0,"3":0,"4":0,"5":0,"6":0,"7":0,"8":0,"9":0,"10":0,"11":0},"b":{"0":[0,0],"1":[0,0],"2":[0,0]}}
}
