TN:
SF:server.js
FN:10,(anonymous_0)
FN:26,(anonymous_1)
FN:39,(anonymous_2)
FN:125,(anonymous_3)
FN:317,(anonymous_4)
FN:667,(anonymous_5)
FN:1034,(anonymous_6)
FN:1355,(anonymous_7)
FNF:8
FNH:1
FNDA:0,(anonymous_0)
FNDA:0,(anonymous_1)
FNDA:1,(anonymous_2)
FNDA:0,(anonymous_3)
FNDA:0,(anonymous_4)
FNDA:0,(anonymous_5)
FNDA:0,(anonymous_6)
FNDA:0,(anonymous_7)
DA:1,1
DA:2,1
DA:3,1
DA:5,1
DA:6,1
DA:7,1
DA:10,1
DA:11,0
DA:12,0
DA:14,0
DA:15,0
DA:24,0
DA:25,0
DA:26,0
DA:27,0
DA:28,0
DA:31,0
DA:33,0
DA:37,1
DA:39,1
DA:40,1
DA:125,1
DA:126,0
DA:313,0
DA:317,1
DA:318,0
DA:663,0
DA:667,1
DA:668,0
DA:1030,0
DA:1034,1
DA:1035,0
DA:1346,0
DA:1349,1
DA:1350,1
DA:1351,0
DA:1354,1
DA:1355,0
DA:1359,1
LF:39
LH:18
BRDA:3,0,0,1
BRDA:3,0,1,1
BRDA:5,1,0,1
BRDA:5,1,1,1
BRDA:6,2,0,1
BRDA:6,2,1,1
BRDA:7,3,0,0
BRDA:7,3,1,1
BRDA:21,4,0,0
BRDA:21,4,1,0
BRDA:27,5,0,0
BRDA:27,5,1,0
BRDA:1350,6,0,0
BRDA:1350,6,1,1
BRDA:1354,7,0,0
BRDA:1354,7,1,1
BRF:16
BRH:9
end_of_record
TN:
SF:components\StackedBarChart.js
FN:3,(anonymous_0)
FN:8,(anonymous_1)
FN:10,(anonymous_2)
FN:14,(anonymous_3)
FN:18,(anonymous_4)
FN:42,(anonymous_5)
FN:62,getTotal
FN:66,getMaxTotal
FN:70,getScale
FN:74,getSegments
FN:83,getBarHeights
FN:84,(anonymous_11)
FNF:12
FNH:0
FNDA:0,(anonymous_0)
FNDA:0,(anonymous_1)
FNDA:0,(anonymous_2)
FNDA:0,(anonymous_3)
FNDA:0,(anonymous_4)
FNDA:0,(anonymous_5)
FNDA:0,getTotal
FNDA:0,getMaxTotal
FNDA:0,getScale
FNDA:0,getSegments
FNDA:0,getBarHeights
FNDA:0,(anonymous_11)
DA:1,0
DA:3,0
DA:4,0
DA:5,0
DA:6,0
DA:8,0
DA:9,0
DA:11,0
DA:12,0
DA:15,0
DA:16,0
DA:19,0
DA:20,0
DA:24,0
DA:25,0
DA:27,0
DA:42,0
DA:55,0
DA:63,0
DA:67,0
DA:71,0
DA:75,0
DA:84,0
DA:87,0
LF:24
LH:0
BRDA:11,0,0,0
BRDA:11,0,1,0
BRDA:24,1,0,0
BRDA:24,1,1,0
BRDA:25,2,0,0
BRDA:25,2,1,0
BRF:6
BRH:0
end_of_record
